<?xml version="1.0" encoding="UTF-8"?>
<!-- Generated by org.testng.reporters.JUnitXMLReporter -->
<testsuite ignored="0" hostname="IBM-GJ4GDN3" failures="0" tests="3" name="Test" time="18.703" errors="0" timestamp="2022-11-04T10:17:01 IST">
  <testcase classname="testCases_TestNG.SecondTestNGScript" name="method2" time="0.007"/>
  <testcase classname="testCases_TestNG.FirstTestNGScript" name="firstScript" time="0.001"/>
  <testcase classname="testCases_TestNG.LaunchingFacebookTestNG" name="launchFacebook" time="0.149"/>
</testsuite> <!-- Test -->
