<?xml version="1.0" encoding="UTF-8"?>
<testng-results ignored="0" total="1" passed="1" failed="0" skipped="0">
  <reporter-output>
  </reporter-output>
  <suite started-at="2022-11-04T10:29:31 IST" name="Default suite" finished-at="2022-11-04T10:29:31 IST" duration-ms="36">
    <groups>
    </groups>
    <test started-at="2022-11-04T10:29:31 IST" name="Default test" finished-at="2022-11-04T10:29:31 IST" duration-ms="36">
      <class name="testCasesTestNG.SecondTestNGScript">
        <test-method is-config="true" signature="class2()[pri:0, instance:testCasesTestNG.SecondTestNGScript@932bc4a]" started-at="2022-11-04T10:29:31 IST" name="class2" finished-at="2022-11-04T10:29:31 IST" duration-ms="6" status="PASS">
          <reporter-output>
          </reporter-output>
        </test-method> <!-- class2 -->
        <test-method signature="method2()[pri:0, instance:testCasesTestNG.SecondTestNGScript@932bc4a]" started-at="2022-11-04T10:29:31 IST" name="method2" finished-at="2022-11-04T10:29:31 IST" duration-ms="3" status="PASS">
          <reporter-output>
          </reporter-output>
        </test-method> <!-- method2 -->
      </class> <!-- testCasesTestNG.SecondTestNGScript -->
    </test> <!-- Default test -->
  </suite> <!-- Default suite -->
</testng-results>
